Arguments: 
  C:\Program Files\nodejs\node.exe C:\Users\OT Ibrahim\AppData\Roaming\npm\node_modules\yarn\bin\yarn.js add knex

PATH: 
  C:\Program Files (x86)\Common Files\Oracle\Java\javapath;C:\WINDOWS\system32;C:\WINDOWS;C:\WINDOWS\System32\Wbem;C:\WINDOWS\System32\WindowsPowerShell\v1.0\;C:\Program Files\nodejs\;C:\Program Files\Microsoft VS Code\bin;C:\Program Files\Git\cmd;C:\Program Files\Microsoft VS Code\bin;C:\Users\OT Ibrahim\AppData\Roaming\npm;C:\Users\OT Ibrahim\AppData\Local\GitHubDesktop\bin

Yarn version: 
  1.22.4

Node version: 
  14.2.0

Platform: 
  win32 x64

Trace: 
  Error: getaddrinfo EAI_AGAIN registry.yarnpkg.com
      at GetAddrInfoReqWrap.onlookup [as oncomplete] (dns.js:66:26)

npm manifest: 
  {
    "name": "facerecognitionbrainAPI",
    "version": "1.0.0",
    "description": "",
    "main": "index.js",
    "scripts": {
      "start": "nodemon server.js"
    },
    "keywords": [],
    "author": "",
    "license": "ISC",
    "dependencies": {
      "bcrypt-nodejs": "0.0.3",
      "body-parser": "^1.19.0",
      "cors": "^2.8.5",
      "express": "^4.17.1"
    },
    "devDependencies": {
      "nodemon": "^2.0.4"
    }
  }

yarn manifest: 
  No manifest

Lockfile: 
  No lockfile
